<?xml version="1.0" encoding="UTF-8"?>
<testng-results ignored="0" total="2" passed="2" failed="0" skipped="0">
  <reporter-output>
  </reporter-output>
  <suite started-at="2023-05-18T18:40:25 IST" name="Suite" finished-at="2023-05-18T18:40:35 IST" duration-ms="10381">
    <groups>
    </groups>
    <test started-at="2023-05-18T18:40:25 IST" name="Test" finished-at="2023-05-18T18:40:35 IST" duration-ms="10381">
      <class name="Demo_pipeline_tests.Demo_pipeline_homepagetest">
        <test-method is-config="true" signature="startTest()[pri:0, instance:Demo_pipeline_tests.Demo_pipeline_homepagetest@76494737]" started-at="2023-05-18T18:40:25 IST" name="startTest" finished-at="2023-05-18T18:40:25 IST" duration-ms="94" status="PASS">
          <reporter-output>
          </reporter-output>
        </test-method> <!-- startTest -->
        <test-method is-config="true" signature="Homepage()[pri:0, instance:Demo_pipeline_tests.Demo_pipeline_homepagetest@76494737]" started-at="2023-05-18T18:40:25 IST" name="Homepage" finished-at="2023-05-18T18:40:32 IST" duration-ms="7410" status="PASS">
          <reporter-output>
          </reporter-output>
        </test-method> <!-- Homepage -->
        <test-method signature="verifylogo()[pri:1, instance:Demo_pipeline_tests.Demo_pipeline_homepagetest@76494737]" started-at="2023-05-18T18:40:32 IST" name="verifylogo" finished-at="2023-05-18T18:40:33 IST" duration-ms="653" status="PASS">
          <reporter-output>
          </reporter-output>
        </test-method> <!-- verifylogo -->
        <test-method is-config="true" signature="getResult(org.testng.ITestResult)[pri:0, instance:Demo_pipeline_tests.Demo_pipeline_homepagetest@76494737]" started-at="2023-05-18T18:40:33 IST" name="getResult" finished-at="2023-05-18T18:40:33 IST" duration-ms="2" status="PASS">
          <params>
            <param index="0">
              <value>
                <![CDATA[[TestResult name=verifylogo status=SUCCESS method=Demo_pipeline_homepagetest.verifylogo()[pri:1, instance:Demo_pipeline_tests.Demo_pipeline_homepagetest@76494737] output={null}]]]>
              </value>
            </param>
          </params>
          <reporter-output>
          </reporter-output>
        </test-method> <!-- getResult -->
        <test-method signature="enteruser()[pri:2, instance:Demo_pipeline_tests.Demo_pipeline_homepagetest@76494737]" started-at="2023-05-18T18:40:33 IST" name="enteruser" finished-at="2023-05-18T18:40:35 IST" duration-ms="2274" status="PASS">
          <reporter-output>
          </reporter-output>
        </test-method> <!-- enteruser -->
        <test-method is-config="true" signature="getResult(org.testng.ITestResult)[pri:0, instance:Demo_pipeline_tests.Demo_pipeline_homepagetest@76494737]" started-at="2023-05-18T18:40:35 IST" name="getResult" finished-at="2023-05-18T18:40:35 IST" duration-ms="1" status="PASS">
          <params>
            <param index="0">
              <value>
                <![CDATA[[TestResult name=enteruser status=SUCCESS method=Demo_pipeline_homepagetest.enteruser()[pri:2, instance:Demo_pipeline_tests.Demo_pipeline_homepagetest@76494737] output={null}]]]>
              </value>
            </param>
          </params>
          <reporter-output>
          </reporter-output>
        </test-method> <!-- getResult -->
        <test-method is-config="true" signature="EndTest()[pri:0, instance:Demo_pipeline_tests.Demo_pipeline_homepagetest@76494737]" started-at="2023-05-18T18:40:35 IST" name="EndTest" finished-at="2023-05-18T18:40:36 IST" duration-ms="635" status="PASS">
          <reporter-output>
          </reporter-output>
        </test-method> <!-- EndTest -->
      </class> <!-- Demo_pipeline_tests.Demo_pipeline_homepagetest -->
    </test> <!-- Test -->
  </suite> <!-- Suite -->
</testng-results>
